build/app/intermediates/manifest_merge_blame_file/debug/processDebugMainManifest/manifest-merger-blame-debug-report.txt
1<?xml version="1.0" encoding="utf-8"?>
2<manifest xmlns:android="http://schemas.android.com/apk/res/android"
3    package="com.example.mindshed_app"
4    android:versionCode="1"
5    android:versionName="1.0.0" >
6
7    <uses-sdk
8        android:minSdkVersion="24"
9        android:targetSdkVersion="36" />
10    <!--
11         The INTERNET permission is required for development. Specifically,
12         the Flutter tool needs it to communicate with the running application
13         to allow setting breakpoints, to provide hot reload, etc.
14    -->
15    <uses-permission android:name="android.permission.INTERNET" />
15-->src\main\AndroidManifest.xml:7:5-66
15-->src\main\AndroidManifest.xml:7:22-64
16    <uses-permission android:name="android.permission.ACCESS_FINE_LOCATION" />
16-->src\main\AndroidManifest.xml:8:5-78
16-->src\main\AndroidManifest.xml:8:22-76
17    <uses-permission
17-->src\main\AndroidManifest.xml:9:5-10:37
18        android:name="android.permission.SCHEDULE_EXACT_ALARM"
18-->src\main\AndroidManifest.xml:9:22-76
19        android:maxSdkVersion="32" />
19-->src\main\AndroidManifest.xml:10:9-35
20    <uses-permission android:name="android.permission.USE_EXACT_ALARM" />
20-->src\main\AndroidManifest.xml:11:5-73
20-->src\main\AndroidManifest.xml:11:22-71
21    <uses-permission android:name="android.permission.POST_NOTIFICATIONS" /> <!-- Needed by Flutter’s ProcessTextPlugin -->
21-->src\main\AndroidManifest.xml:12:5-76
21-->src\main\AndroidManifest.xml:12:22-74
22    <queries>
22-->src\main\AndroidManifest.xml:15:5-20:15
23        <intent>
23-->src\main\AndroidManifest.xml:16:9-19:18
24            <action android:name="android.intent.action.PROCESS_TEXT" />
24-->src\main\AndroidManifest.xml:17:13-72
24-->src\main\AndroidManifest.xml:17:21-70
25
26            <data android:mimeType="text/plain" />
26-->src\main\AndroidManifest.xml:18:13-52
26-->src\main\AndroidManifest.xml:18:21-50
27        </intent>
28    </queries>
29
30    <uses-permission android:name="android.permission.RECEIVE_BOOT_COMPLETED" />
30-->[:flutter_local_notifications] AndroidManifest.xml:7:5-81
30-->[:flutter_local_notifications] AndroidManifest.xml:7:22-78
31    <uses-permission android:name="android.permission.VIBRATE" />
31-->[:flutter_local_notifications] AndroidManifest.xml:8:5-66
31-->[:flutter_local_notifications] AndroidManifest.xml:8:22-63
32    <uses-permission android:name="android.permission.USE_FULL_SCREEN_INTENT" />
32-->[:flutter_local_notifications] AndroidManifest.xml:9:5-81
32-->[:flutter_local_notifications] AndroidManifest.xml:9:22-78
33
34    <permission
34-->[androidx.core:core:1.13.1] AndroidManifest.xml:22:5-24:47
35        android:name="com.example.mindshed_app.DYNAMIC_RECEIVER_NOT_EXPORTED_PERMISSION"
35-->[androidx.core:core:1.13.1] AndroidManifest.xml:23:9-81
36        android:protectionLevel="signature" />
36-->[androidx.core:core:1.13.1] AndroidManifest.xml:24:9-44
37
38    <uses-permission android:name="com.example.mindshed_app.DYNAMIC_RECEIVER_NOT_EXPORTED_PERMISSION" />
38-->[androidx.core:core:1.13.1] AndroidManifest.xml:26:5-97
38-->[androidx.core:core:1.13.1] AndroidManifest.xml:26:22-94
39
40    <application
40-->src\main\AndroidManifest.xml:22:5-50:19
41        android:appComponentFactory="androidx.core.app.CoreComponentFactory"
41-->[androidx.core:core:1.13.1] AndroidManifest.xml:28:18-86
42        android:debuggable="true"
43        android:extractNativeLibs="false"
44        android:icon="@mipmap/ic_launcher"
44-->src\main\AndroidManifest.xml:24:9-43
45        android:label="MindShed" >
45-->src\main\AndroidManifest.xml:23:9-33
46        <activity
46-->src\main\AndroidManifest.xml:26:9-44:20
47            android:name="com.example.mindshed_app.MainActivity"
47-->src\main\AndroidManifest.xml:27:13-41
48            android:configChanges="orientation|keyboardHidden|keyboard|screenSize|smallestScreenSize|locale|layoutDirection|fontScale|screenLayout|density|uiMode"
48-->src\main\AndroidManifest.xml:31:13-163
49            android:exported="true"
49-->src\main\AndroidManifest.xml:28:13-36
50            android:hardwareAccelerated="true"
50-->src\main\AndroidManifest.xml:32:13-47
51            android:launchMode="singleTop"
51-->src\main\AndroidManifest.xml:29:13-43
52            android:theme="@style/LaunchTheme"
52-->src\main\AndroidManifest.xml:30:13-47
53            android:windowSoftInputMode="adjustResize" >
53-->src\main\AndroidManifest.xml:33:13-55
54
55            <!-- Splash theme shown before Flutter renders -->
56            <meta-data
56-->src\main\AndroidManifest.xml:36:13-38:56
57                android:name="io.flutter.embedding.android.NormalTheme"
57-->src\main\AndroidManifest.xml:37:17-72
58                android:resource="@style/NormalTheme" />
58-->src\main\AndroidManifest.xml:38:17-54
59
60            <intent-filter>
60-->src\main\AndroidManifest.xml:40:13-43:29
61                <action android:name="android.intent.action.MAIN" />
61-->src\main\AndroidManifest.xml:41:17-68
61-->src\main\AndroidManifest.xml:41:25-66
62
63                <category android:name="android.intent.category.LAUNCHER" />
63-->src\main\AndroidManifest.xml:42:17-76
63-->src\main\AndroidManifest.xml:42:27-74
64            </intent-filter>
65        </activity>
66
67        <!-- Marker for Flutter v2 embedding -->
68        <meta-data
68-->src\main\AndroidManifest.xml:47:9-49:32
69            android:name="flutterEmbedding"
69-->src\main\AndroidManifest.xml:48:13-44
70            android:value="2" />
70-->src\main\AndroidManifest.xml:49:13-30
71
72        <receiver
72-->[:flutter_local_notifications] AndroidManifest.xml:14:9-16:40
73            android:name="com.dexterous.flutterlocalnotifications.ActionBroadcastReceiver"
73-->[:flutter_local_notifications] AndroidManifest.xml:15:13-91
74            android:exported="false" />
74-->[:flutter_local_notifications] AndroidManifest.xml:16:13-37
75        <receiver
75-->[:flutter_local_notifications] AndroidManifest.xml:17:9-19:40
76            android:name="com.dexterous.flutterlocalnotifications.ScheduledNotificationReceiver"
76-->[:flutter_local_notifications] AndroidManifest.xml:18:13-97
77            android:exported="false" />
77-->[:flutter_local_notifications] AndroidManifest.xml:19:13-37
78        <receiver
78-->[:flutter_local_notifications] AndroidManifest.xml:20:9-29:20
79            android:name="com.dexterous.flutterlocalnotifications.ScheduledNotificationBootReceiver"
79-->[:flutter_local_notifications] AndroidManifest.xml:21:13-101
80            android:exported="false" >
80-->[:flutter_local_notifications] AndroidManifest.xml:22:13-37
81            <intent-filter>
81-->[:flutter_local_notifications] AndroidManifest.xml:23:13-28:29
82                <action android:name="android.intent.action.BOOT_COMPLETED" />
82-->[:flutter_local_notifications] AndroidManifest.xml:24:17-79
82-->[:flutter_local_notifications] AndroidManifest.xml:24:25-76
83                <action android:name="android.intent.action.MY_PACKAGE_REPLACED" />
83-->[:flutter_local_notifications] AndroidManifest.xml:25:17-84
83-->[:flutter_local_notifications] AndroidManifest.xml:25:25-81
84                <action android:name="android.intent.action.QUICKBOOT_POWERON" />
84-->[:flutter_local_notifications] AndroidManifest.xml:26:17-82
84-->[:flutter_local_notifications] AndroidManifest.xml:26:25-79
85                <action android:name="com.htc.intent.action.QUICKBOOT_POWERON" />
85-->[:flutter_local_notifications] AndroidManifest.xml:27:17-82
85-->[:flutter_local_notifications] AndroidManifest.xml:27:25-79
86            </intent-filter>
87        </receiver>
88
89        <uses-library
89-->[androidx.window:window:1.2.0] AndroidManifest.xml:23:9-25:40
90            android:name="androidx.window.extensions"
90-->[androidx.window:window:1.2.0] AndroidManifest.xml:24:13-54
91            android:required="false" />
91-->[androidx.window:window:1.2.0] AndroidManifest.xml:25:13-37
92        <uses-library
92-->[androidx.window:window:1.2.0] AndroidManifest.xml:26:9-28:40
93            android:name="androidx.window.sidecar"
93-->[androidx.window:window:1.2.0] AndroidManifest.xml:27:13-51
94            android:required="false" />
94-->[androidx.window:window:1.2.0] AndroidManifest.xml:28:13-37
95
96        <provider
96-->[androidx.lifecycle:lifecycle-process:2.7.0] AndroidManifest.xml:24:9-32:20
97            android:name="androidx.startup.InitializationProvider"
97-->[androidx.lifecycle:lifecycle-process:2.7.0] AndroidManifest.xml:25:13-67
98            android:authorities="com.example.mindshed_app.androidx-startup"
98-->[androidx.lifecycle:lifecycle-process:2.7.0] AndroidManifest.xml:26:13-68
99            android:exported="false" >
99-->[androidx.lifecycle:lifecycle-process:2.7.0] AndroidManifest.xml:27:13-37
100            <meta-data
100-->[androidx.lifecycle:lifecycle-process:2.7.0] AndroidManifest.xml:29:13-31:52
101                android:name="androidx.lifecycle.ProcessLifecycleInitializer"
101-->[androidx.lifecycle:lifecycle-process:2.7.0] AndroidManifest.xml:30:17-78
102                android:value="androidx.startup" />
102-->[androidx.lifecycle:lifecycle-process:2.7.0] AndroidManifest.xml:31:17-49
103            <meta-data
103-->[androidx.profileinstaller:profileinstaller:1.3.1] AndroidManifest.xml:29:13-31:52
104                android:name="androidx.profileinstaller.ProfileInstallerInitializer"
104-->[androidx.profileinstaller:profileinstaller:1.3.1] AndroidManifest.xml:30:17-85
105                android:value="androidx.startup" />
105-->[androidx.profileinstaller:profileinstaller:1.3.1] AndroidManifest.xml:31:17-49
106        </provider>
107
108        <receiver
108-->[androidx.profileinstaller:profileinstaller:1.3.1] AndroidManifest.xml:34:9-52:20
109            android:name="androidx.profileinstaller.ProfileInstallReceiver"
109-->[androidx.profileinstaller:profileinstaller:1.3.1] AndroidManifest.xml:35:13-76
110            android:directBootAware="false"
110-->[androidx.profileinstaller:profileinstaller:1.3.1] AndroidManifest.xml:36:13-44
111            android:enabled="true"
111-->[androidx.profileinstaller:profileinstaller:1.3.1] AndroidManifest.xml:37:13-35
112            android:exported="true"
112-->[androidx.profileinstaller:profileinstaller:1.3.1] AndroidManifest.xml:38:13-36
113            android:permission="android.permission.DUMP" >
113-->[androidx.profileinstaller:profileinstaller:1.3.1] AndroidManifest.xml:39:13-57
114            <intent-filter>
114-->[androidx.profileinstaller:profileinstaller:1.3.1] AndroidManifest.xml:40:13-42:29
115                <action android:name="androidx.profileinstaller.action.INSTALL_PROFILE" />
115-->[androidx.profileinstaller:profileinstaller:1.3.1] AndroidManifest.xml:41:17-91
115-->[androidx.profileinstaller:profileinstaller:1.3.1] AndroidManifest.xml:41:25-88
116            </intent-filter>
117            <intent-filter>
117-->[androidx.profileinstaller:profileinstaller:1.3.1] AndroidManifest.xml:43:13-45:29
118                <action android:name="androidx.profileinstaller.action.SKIP_FILE" />
118-->[androidx.profileinstaller:profileinstaller:1.3.1] AndroidManifest.xml:44:17-85
118-->[androidx.profileinstaller:profileinstaller:1.3.1] AndroidManifest.xml:44:25-82
119            </intent-filter>
120            <intent-filter>
120-->[androidx.profileinstaller:profileinstaller:1.3.1] AndroidManifest.xml:46:13-48:29
121                <action android:name="androidx.profileinstaller.action.SAVE_PROFILE" />
121-->[androidx.profileinstaller:profileinstaller:1.3.1] AndroidManifest.xml:47:17-88
121-->[androidx.profileinstaller:profileinstaller:1.3.1] AndroidManifest.xml:47:25-85
122            </intent-filter>
123            <intent-filter>
123-->[androidx.profileinstaller:profileinstaller:1.3.1] AndroidManifest.xml:49:13-51:29
124                <action android:name="androidx.profileinstaller.action.BENCHMARK_OPERATION" />
124-->[androidx.profileinstaller:profileinstaller:1.3.1] AndroidManifest.xml:50:17-95
124-->[androidx.profileinstaller:profileinstaller:1.3.1] AndroidManifest.xml:50:25-92
125            </intent-filter>
126        </receiver>
127    </application>
128
129</manifest>